<?xml version="1.0"?>
<mavlink>
  <version>3</version>
  <dialect>0</dialect>
  <enums>
    <enum name="MAV_AUTOPILOT">
      <description>Micro air vehicle / autopilot classes. This identifies the individual model.</description>
      <entry value="0" name="MAV_AUTOPILOT_GENERIC">
        <description>Generic autopilot, full support for everything</description>
      </entry>
      <entry value="1" name="MAV_AUTOPILOT_RESERVED">
        <description>Reserved for future use.</description>
      </entry>
      <entry value="2" name="MAV_AUTOPILOT_SLUGS">
        <description>SLUGS autopilot, http://slugsuav.soe.ucsc.edu</description>
      </entry>
    </enum>
    <enum name="MAV_CMD_ACK">
      <description>ACK / NACK / ERROR values as a result of MAV_CMDs and for mission item transmission.</description>
      <entry name="MAV_CMD_ACK_OK">
        <description>Command / mission item is ok.</description>
      </entry>
      <entry name="MAV_CMD_ACK_ERR_FAIL">
        <description>Generic error message if none of the other reasons fails or if no detailed error reporting is implemented.</description>
      </entry>
      <entry name="MAV_CMD_ACK_ERR_ACCESS_DENIED">
        <description>The system is refusing to accept this command from this source / communication partner.</description>
      </entry>
      <entry name="MAV_CMD_ACK_ERR_NOT_SUPPORTED">
        <description>Command or mission item is not supported, other commands would be accepted.</description>
      </entry>
      <entry name="MAV_CMD_ACK_ERR_COORDINATE_FRAME_NOT_SUPPORTED">
        <description>The coordinate frame of this command / mission item is not supported.</description>
      </entry>
      <entry name="MAV_CMD_ACK_ERR_COORDINATES_OUT_OF_RANGE">
        <description>The coordinate frame of this command is ok, but he coordinate values exceed the safety limits of this system. This is a generic error, please use the more specific error messages below if possible.</description>
      </entry>
      <entry name="MAV_CMD_ACK_ERR_X_LAT_OUT_OF_RANGE">
        <description>The X or latitude value is out of range.</description>
      </entry>
      <entry name="MAV_CMD_ACK_ERR_Y_LON_OUT_OF_RANGE">
        <description>The Y or longitude value is out of range.</description>
      </entry>
      <entry name="MAV_CMD_ACK_ERR_Z_ALT_OUT_OF_RANGE">
        <description>The Z or altitude value is out of range.</description>
      </entry>
    </enum>
    <enum name="MAV_TYPE">
      <entry value="0" name="MAV_TYPE_GENERIC">
        <description>Generic micro air vehicle.</description>
      </entry>
      <entry value="1" name="MAV_TYPE_FIXED_WING">
        <description>Fixed wing aircraft.</description>
      </entry>
    </enum>
    <enum name="MAV_TEST">
      <entry value="5" name="MAV_TEST_FIVE">
        <description>Generic micro air vehicle.</description>
      </entry>
      <entry name="MAV_TEST_SIX">
        <description>Fixed wing aircraft.</description>
      </entry>
      <entry value="10" name="MAV_TEST_TEN">
        <description>Generic micro air vehicle.</description>
      </entry>
      <entry name="MAV_TEST_ELEVEN">
        <description>Fixed wing aircraft.</description>
      </entry>
    </enum>
    <enum name="MAV_STATE">
      <entry value="0" name="MAV_STATE_UNINIT">
        <description>Uninitialized system, state is unknown.</description>
      </entry>
      <entry name="MAV_STATE_BOOT">
        <description>System is booting up.</description>
      </entry>
      <entry name="MAV_STATE_CALIBRATING">
        <description>System is calibrating and not flight-ready.</description>
      </entry>
      <entry name="MAV_STATE_STANDBY">
        <description>System is grounded and on standby. It can be launched any time.</description>
      </entry>
      <entry name="MAV_STATE_ACTIVE">
        <description>System is active and might be already airborne. Motors are engaged.</description>
      </entry>
      <entry name="MAV_STATE_CRITICAL">
        <description>System is in a non-normal flight mode. It can however still navigate.</description>
      </entry>
      <entry name="MAV_STATE_EMERGENCY">
        <description>System is in a non-normal flight mode. It lost control over parts or over the whole airframe. It is in mayday and going down.</description>
      </entry>
      <entry name="MAV_STATE_POWEROFF">
        <description>System just initialized its power-down sequence, will shut down now.</description>
      </entry>
    </enum>
  </enums>
  <messages>
    <message id="0" name="HEARTBEAT">
      <description>The heartbeat message shows that a system is present and responding. The type of the MAV and Autopilot hardware allow the receiving system to treat further messages from this system appropriate (e.g. by laying out the user interface based on the autopilot).</description>
      <field type="uint8_t" name="type">Type of the MAV (quadrotor, helicopter, etc., up to 15 types, defined in MAV_TYPE ENUM)</field>
      <field type="uint8_t" name="autopilot">Autopilot type / class. defined in MAV_AUTOPILOT ENUM</field>
      <field type="uint8_t" name="base_mode">System mode bitfield, see MAV_MODE_FLAG ENUM in mavlink/include/mavlink_types.h</field>
      <field type="uint32_t" name="custom_mode">A bitfield for use for autopilot-specific flags.</field>
      <field type="uint8_t" name="system_status">System status flag, see MAV_STATE ENUM</field>
      <field type="uint8_t_mavlink_version" name="mavlink_version">MAVLink version, not writable by user, gets added by protocol because of magic data type: uint8_t_mavlink_version</field>
    </message>
    <message id="7" name="AUTH_KEY">
      <description>Emit an encrypted signature / key identifying this system. PLEASE NOTE: This protocol has been kept simple, so transmitting the key requires an encrypted channel for true safety.</description>
      <field type="char[32]" name="key">key</field>
    </message>
    <message id="25" name="GPS_STATUS">
      <description>The positioning status, as reported by GPS. This message is intended to display status information about each satellite visible to the receiver. See message GLOBAL_POSITION for the global position estimate. This message can contain information for up to 20 satellites.</description>
      <field type="uint8_t" name="satellites_visible">Number of satellites visible</field>
      <field type="uint8_t[20]" name="satellite_prn">Global satellite ID</field>
      <field type="uint8_t[20]" name="satellite_used">0: Satellite not used, 1: used for localization</field>
      <field type="uint8_t[20]" name="satellite_elevation">Elevation (0: right on top of receiver, 90: on the horizon) of satellite</field>
      <field type="uint8_t[20]" name="satellite_azimuth">Direction of satellite, 0: 0 deg, 255: 360 deg.</field>
      <field type="uint8_t[20]" name="satellite_snr">Signal to noise ratio of satellite</field>
    </message>
  </messages>
</mavlink>
