<?xml version="1.0"?>
<mavlink>
  <version>3</version>
  <dialect>0</dialect>
  <enums>
    <enum name="MAV_AUTOPILOT">
      <description>Micro air vehicle / autopilot classes. This identifies the individual model.</description>
      <entry value="0" name="MAV_AUTOPILOT_GENERIC">
        <description>Generic autopilot, full support for everything</description>
      </entry>
      <entry value="1" name="MAV_AUTOPILOT_RESERVED">
        <description>Reserved for future use.</description>
      </entry>
      <entry value="2" name="MAV_AUTOPILOT_SLUGS">
        <description>SLUGS autopilot, http://slugsuav.soe.ucsc.edu</description>
      </entry>
    </enum>
    <enum name="MAV_TYPE">
      <entry value="0" name="MAV_TYPE_GENERIC">
        <description>Generic micro air vehicle.</description>
      </entry>
      <entry value="1" name="MAV_TYPE_FIXED_WING">
        <description>Fixed wing aircraft.</description>
      </entry>
    </enum>
  </enums>
  <messages>
    <message id="0" name="HEARTBEAT">
      <description>The heartbeat message shows that a system is present and responding. The type of the MAV and Autopilot hardware allow the receiving system to treat further messages from this system appropriate (e.g. by laying out the user interface based on the autopilot).</description>
      <field type="uint8_t" name="type">Type of the MAV (quadrotor, helicopter, etc., up to 15 types, defined in MAV_TYPE ENUM)</field>
      <field type="uint8_t" name="autopilot">Autopilot type / class. defined in MAV_AUTOPILOT ENUM</field>
      <field type="uint8_t" name="base_mode">System mode bitfield, see MAV_MODE_FLAG ENUM in mavlink/include/mavlink_types.h</field>
      <field type="uint32_t" name="custom_mode">A bitfield for use for autopilot-specific flags.</field>
      <field type="uint8_t" name="system_status">System status flag, see MAV_STATE ENUM</field>
      <field type="uint8_t_mavlink_version" name="mavlink_version">MAVLink version, not writable by user, gets added by protocol because of magic data type: uint8_t_mavlink_version</field>
    </message>
    <message id="7" name="AUTH_KEY">
      <description>Emit an encrypted signature / key identifying this system. PLEASE NOTE: This protocol has been kept simple, so transmitting the key requires an encrypted channel for true safety.</description>
      <field type="char[32]" name="key">key</field>
    </message>
    <message id="25" name="GPS_STATUS">
      <description>The positioning status, as reported by GPS. This message is intended to display status information about each satellite visible to the receiver. See message GLOBAL_POSITION for the global position estimate. This message can contain information for up to 20 satellites.</description>
      <field type="uint8_t" name="satellites_visible">Number of satellites visible</field>
      <field type="uint8_t[20]" name="satellite_prn">Global satellite ID</field>
      <field type="uint8_t[20]" name="satellite_used">0: Satellite not used, 1: used for localization</field>
      <field type="uint8_t[20]" name="satellite_elevation">Elevation (0: right on top of receiver, 90: on the horizon) of satellite</field>
      <field type="uint8_t[20]" name="satellite_azimuth">Direction of satellite, 0: 0 deg, 255: 360 deg.</field>
      <field type="uint8_t[20]" name="satellite_snr">Signal to noise ratio of satellite</field>
    </message>
  </messages>
</mavlink>
